running egg_info
creating build/object_detection_ros2/object_detection_ros2.egg-info
writing build/object_detection_ros2/object_detection_ros2.egg-info/PKG-INFO
writing dependency_links to build/object_detection_ros2/object_detection_ros2.egg-info/dependency_links.txt
writing entry points to build/object_detection_ros2/object_detection_ros2.egg-info/entry_points.txt
writing requirements to build/object_detection_ros2/object_detection_ros2.egg-info/requires.txt
writing top-level names to build/object_detection_ros2/object_detection_ros2.egg-info/top_level.txt
writing manifest file 'build/object_detection_ros2/object_detection_ros2.egg-info/SOURCES.txt'
reading manifest file 'build/object_detection_ros2/object_detection_ros2.egg-info/SOURCES.txt'
writing manifest file 'build/object_detection_ros2/object_detection_ros2.egg-info/SOURCES.txt'
running build
running build_py
creating /home/i880/programming/ros2/object_detection_ros2/build/object_detection_ros2/build
creating /home/i880/programming/ros2/object_detection_ros2/build/object_detection_ros2/build/lib
creating /home/i880/programming/ros2/object_detection_ros2/build/object_detection_ros2/build/lib/object_detection_ros2
copying object_detection_ros2/object_detection_node.py -> /home/i880/programming/ros2/object_detection_ros2/build/object_detection_ros2/build/lib/object_detection_ros2
copying object_detection_ros2/camera_node.py -> /home/i880/programming/ros2/object_detection_ros2/build/object_detection_ros2/build/lib/object_detection_ros2
copying object_detection_ros2/__init__.py -> /home/i880/programming/ros2/object_detection_ros2/build/object_detection_ros2/build/lib/object_detection_ros2
running install
running install_lib
creating /home/i880/programming/ros2/object_detection_ros2/install/object_detection_ros2/lib/python3.12/site-packages/object_detection_ros2
copying /home/i880/programming/ros2/object_detection_ros2/build/object_detection_ros2/build/lib/object_detection_ros2/object_detection_node.py -> /home/i880/programming/ros2/object_detection_ros2/install/object_detection_ros2/lib/python3.12/site-packages/object_detection_ros2
copying /home/i880/programming/ros2/object_detection_ros2/build/object_detection_ros2/build/lib/object_detection_ros2/camera_node.py -> /home/i880/programming/ros2/object_detection_ros2/install/object_detection_ros2/lib/python3.12/site-packages/object_detection_ros2
copying /home/i880/programming/ros2/object_detection_ros2/build/object_detection_ros2/build/lib/object_detection_ros2/__init__.py -> /home/i880/programming/ros2/object_detection_ros2/install/object_detection_ros2/lib/python3.12/site-packages/object_detection_ros2
byte-compiling /home/i880/programming/ros2/object_detection_ros2/install/object_detection_ros2/lib/python3.12/site-packages/object_detection_ros2/object_detection_node.py to object_detection_node.cpython-312.pyc
byte-compiling /home/i880/programming/ros2/object_detection_ros2/install/object_detection_ros2/lib/python3.12/site-packages/object_detection_ros2/camera_node.py to camera_node.cpython-312.pyc
byte-compiling /home/i880/programming/ros2/object_detection_ros2/install/object_detection_ros2/lib/python3.12/site-packages/object_detection_ros2/__init__.py to __init__.cpython-312.pyc
running install_data
creating /home/i880/programming/ros2/object_detection_ros2/install/object_detection_ros2/share/ament_index
creating /home/i880/programming/ros2/object_detection_ros2/install/object_detection_ros2/share/ament_index/resource_index
creating /home/i880/programming/ros2/object_detection_ros2/install/object_detection_ros2/share/ament_index/resource_index/packages
copying resource/object_detection_ros2 -> /home/i880/programming/ros2/object_detection_ros2/install/object_detection_ros2/share/ament_index/resource_index/packages
copying package.xml -> /home/i880/programming/ros2/object_detection_ros2/install/object_detection_ros2/share/object_detection_ros2
creating /home/i880/programming/ros2/object_detection_ros2/install/object_detection_ros2/share/object_detection_ros2/models
copying models/yolov3-tiny.cfg -> /home/i880/programming/ros2/object_detection_ros2/install/object_detection_ros2/share/object_detection_ros2/models
copying models/coco.names -> /home/i880/programming/ros2/object_detection_ros2/install/object_detection_ros2/share/object_detection_ros2/models
copying models/yolov3-tiny.weights -> /home/i880/programming/ros2/object_detection_ros2/install/object_detection_ros2/share/object_detection_ros2/models
creating /home/i880/programming/ros2/object_detection_ros2/install/object_detection_ros2/share/object_detection_ros2/launch
copying launch/object_detection.launch.py -> /home/i880/programming/ros2/object_detection_ros2/install/object_detection_ros2/share/object_detection_ros2/launch
running install_egg_info
Copying build/object_detection_ros2/object_detection_ros2.egg-info to /home/i880/programming/ros2/object_detection_ros2/install/object_detection_ros2/lib/python3.12/site-packages/object_detection_ros2-0.0.0-py3.12.egg-info
running install_scripts
Installing camera_node script to /home/i880/programming/ros2/object_detection_ros2/install/object_detection_ros2/lib/object_detection_ros2
Installing object_detection_node script to /home/i880/programming/ros2/object_detection_ros2/install/object_detection_ros2/lib/object_detection_ros2
writing list of installed files to '/home/i880/programming/ros2/object_detection_ros2/build/object_detection_ros2/install.log'
