[0.493s] [34mcolcon[0m [1;30mDEBUG[0m [32mCommand line arguments: ['/home/i880/anaconda3/bin/colcon', 'build', '--packages-select', 'object_detection_ros2'][0m
[0.493s] [34mcolcon[0m [1;30mDEBUG[0m [32mParsed command line arguments: Namespace(log_base=None, log_level=None, verb_name='build', build_base='build', install_base='install', merge_install=False, symlink_install=False, test_result_base=None, continue_on_error=False, executor='parallel', parallel_workers=4, event_handlers=None, ignore_user_meta=False, metas=['./colcon.meta'], base_paths=['.'], packages_ignore=None, packages_ignore_regex=None, paths=None, packages_up_to=None, packages_up_to_regex=None, packages_above=None, packages_above_and_dependencies=None, packages_above_depth=None, packages_select_by_dep=None, packages_skip_by_dep=None, packages_skip_up_to=None, packages_select_build_failed=False, packages_skip_build_finished=False, packages_select_test_failures=False, packages_skip_test_passed=False, packages_select=['object_detection_ros2'], packages_skip=None, packages_select_regex=None, packages_skip_regex=None, packages_start=None, packages_end=None, cmake_args=None, cmake_target=None, cmake_target_skip_unavailable=False, cmake_clean_cache=False, cmake_clean_first=False, cmake_force_configure=False, ament_cmake_args=None, catkin_cmake_args=None, catkin_skip_building_tests=False, verb_parser=<colcon_defaults.argument_parser.defaults.DefaultArgumentsDecorator object at 0x7283bf9d9110>, verb_extension=<colcon_core.verb.build.BuildVerb object at 0x7283bf9d8a10>, main=<bound method BuildVerb.main of <colcon_core.verb.build.BuildVerb object at 0x7283bf9d8a10>>)[0m
[0.601s] [34mcolcon.colcon_core.package_discovery[0m [1;30mLevel 1[0m discover_packages(colcon_meta) check parameters
[0.601s] [34mcolcon.colcon_core.package_discovery[0m [1;30mLevel 1[0m discover_packages(recursive) check parameters
[0.601s] [34mcolcon.colcon_core.package_discovery[0m [1;30mLevel 1[0m discover_packages(ignore) check parameters
[0.601s] [34mcolcon.colcon_core.package_discovery[0m [1;30mLevel 1[0m discover_packages(path) check parameters
[0.601s] [34mcolcon.colcon_core.package_discovery[0m [1;30mLevel 1[0m discover_packages(colcon_meta) discover
[0.602s] [34mcolcon.colcon_core.package_discovery[0m [1;30mLevel 1[0m discover_packages(recursive) discover
[0.602s] [34mcolcon.colcon_core.package_discovery[0m [1;30mINFO[0m Crawling recursively for packages in '/home/i880/programming/ros2/object_detection_ros2'
[0.602s] [34mcolcon.colcon_core.package_identification[0m [1;30mLevel 1[0m _identify(.) by extensions ['ignore', 'ignore_ament_install']
[0.602s] [34mcolcon.colcon_core.package_identification[0m [1;30mLevel 1[0m _identify(.) by extension 'ignore'
[0.602s] [34mcolcon.colcon_core.package_identification[0m [1;30mLevel 1[0m _identify(.) by extension 'ignore_ament_install'
[0.602s] [34mcolcon.colcon_core.package_identification[0m [1;30mLevel 1[0m _identify(.) by extensions ['colcon_pkg']
[0.602s] [34mcolcon.colcon_core.package_identification[0m [1;30mLevel 1[0m _identify(.) by extension 'colcon_pkg'
[0.602s] [34mcolcon.colcon_core.package_identification[0m [1;30mLevel 1[0m _identify(.) by extensions ['colcon_meta']
[0.602s] [34mcolcon.colcon_core.package_identification[0m [1;30mLevel 1[0m _identify(.) by extension 'colcon_meta'
[0.603s] [34mcolcon.colcon_core.package_identification[0m [1;30mLevel 1[0m _identify(.) by extensions ['ros']
[0.603s] [34mcolcon.colcon_core.package_identification[0m [1;30mLevel 1[0m _identify(.) by extension 'ros'
[0.667s] [34mcolcon.colcon_core.package_identification[0m [1;30mDEBUG[0m [32mPackage '.' with type 'ros.ament_python' and name 'object_detection_ros2'[0m
[0.667s] [34mcolcon.colcon_core.package_discovery[0m [1;30mLevel 1[0m discover_packages(recursive) using defaults
[0.667s] [34mcolcon.colcon_core.package_discovery[0m [1;30mLevel 1[0m discover_packages(ignore) discover
[0.667s] [34mcolcon.colcon_core.package_discovery[0m [1;30mLevel 1[0m discover_packages(ignore) using defaults
[0.667s] [34mcolcon.colcon_core.package_discovery[0m [1;30mLevel 1[0m discover_packages(path) discover
[0.667s] [34mcolcon.colcon_core.package_discovery[0m [1;30mLevel 1[0m discover_packages(path) using defaults
[0.702s] [34mcolcon.colcon_core.verb[0m [1;30mLevel 5[0m set package 'object_detection_ros2' build argument 'cmake_args' from command line to 'None'
[0.703s] [34mcolcon.colcon_core.verb[0m [1;30mLevel 5[0m set package 'object_detection_ros2' build argument 'cmake_target' from command line to 'None'
[0.703s] [34mcolcon.colcon_core.verb[0m [1;30mLevel 5[0m set package 'object_detection_ros2' build argument 'cmake_target_skip_unavailable' from command line to 'False'
[0.703s] [34mcolcon.colcon_core.verb[0m [1;30mLevel 5[0m set package 'object_detection_ros2' build argument 'cmake_clean_cache' from command line to 'False'
[0.703s] [34mcolcon.colcon_core.verb[0m [1;30mLevel 5[0m set package 'object_detection_ros2' build argument 'cmake_clean_first' from command line to 'False'
[0.703s] [34mcolcon.colcon_core.verb[0m [1;30mLevel 5[0m set package 'object_detection_ros2' build argument 'cmake_force_configure' from command line to 'False'
[0.703s] [34mcolcon.colcon_core.verb[0m [1;30mLevel 5[0m set package 'object_detection_ros2' build argument 'ament_cmake_args' from command line to 'None'
[0.703s] [34mcolcon.colcon_core.verb[0m [1;30mLevel 5[0m set package 'object_detection_ros2' build argument 'catkin_cmake_args' from command line to 'None'
[0.703s] [34mcolcon.colcon_core.verb[0m [1;30mLevel 5[0m set package 'object_detection_ros2' build argument 'catkin_skip_building_tests' from command line to 'False'
[0.703s] [34mcolcon.colcon_core.verb[0m [1;30mDEBUG[0m [32mBuilding package 'object_detection_ros2' with the following arguments: {'ament_cmake_args': None, 'build_base': '/home/i880/programming/ros2/object_detection_ros2/build/object_detection_ros2', 'catkin_cmake_args': None, 'catkin_skip_building_tests': False, 'cmake_args': None, 'cmake_clean_cache': False, 'cmake_clean_first': False, 'cmake_force_configure': False, 'cmake_target': None, 'cmake_target_skip_unavailable': False, 'install_base': '/home/i880/programming/ros2/object_detection_ros2/install/object_detection_ros2', 'merge_install': False, 'path': '/home/i880/programming/ros2/object_detection_ros2', 'symlink_install': False, 'test_result_base': None}[0m
[0.703s] [34mcolcon.colcon_core.executor[0m [1;30mINFO[0m Executing jobs using 'parallel' executor
[0.705s] [34mcolcon.colcon_parallel_executor.executor.parallel[0m [1;30mDEBUG[0m [32mrun_until_complete[0m
[0.706s] [34mcolcon.colcon_ros.task.ament_python.build[0m [1;30mINFO[0m Building ROS package in '/home/i880/programming/ros2/object_detection_ros2' with build type 'ament_python'
[0.706s] [34mcolcon.colcon_core.shell[0m [1;30mLevel 1[0m create_environment_hook('object_detection_ros2', 'ament_prefix_path')
[0.717s] [34mcolcon.colcon_core.plugin_system[0m [1;30mINFO[0m Skipping extension 'colcon_core.shell.bat': Not used on non-Windows systems
[0.717s] [34mcolcon.colcon_core.shell[0m [1;30mINFO[0m Creating environment hook '/home/i880/programming/ros2/object_detection_ros2/install/object_detection_ros2/share/object_detection_ros2/hook/ament_prefix_path.ps1'
[0.720s] [34mcolcon.colcon_core.shell[0m [1;30mINFO[0m Creating environment descriptor '/home/i880/programming/ros2/object_detection_ros2/install/object_detection_ros2/share/object_detection_ros2/hook/ament_prefix_path.dsv'
[0.722s] [34mcolcon.colcon_core.shell[0m [1;30mINFO[0m Creating environment hook '/home/i880/programming/ros2/object_detection_ros2/install/object_detection_ros2/share/object_detection_ros2/hook/ament_prefix_path.sh'
[0.725s] [34mcolcon.colcon_core.shell[0m [1;30mINFO[0m Skip shell extension 'powershell' for command environment: Not usable outside of PowerShell
[0.725s] [34mcolcon.colcon_core.shell[0m [1;30mDEBUG[0m [32mSkip shell extension 'dsv' for command environment[0m
[1.220s] [34mcolcon.colcon_core.task.python.build[0m [1;30mINFO[0m Building Python package in '/home/i880/programming/ros2/object_detection_ros2'
[1.220s] [34mcolcon.colcon_core.shell[0m [1;30mINFO[0m Skip shell extension 'powershell' for command environment: Not usable outside of PowerShell
[1.220s] [34mcolcon.colcon_core.shell[0m [1;30mDEBUG[0m [32mSkip shell extension 'dsv' for command environment[0m
[1.871s] [34mcolcon.colcon_parallel_executor.executor.parallel[0m [1;30mDEBUG[0m [32mclosing loop[0m
[1.872s] [34mcolcon.colcon_parallel_executor.executor.parallel[0m [1;30mDEBUG[0m [32mloop closed[0m
[1.872s] [34mcolcon.colcon_parallel_executor.executor.parallel[0m [1;30mDEBUG[0m [32mrun_until_complete finished with 'Expected ['/home/i880/anaconda3/bin/python', '-W', 'ignore:setup.py install is deprecated', '-W', 'ignore:easy_install command is deprecated', 'setup.py', '--help-commands'] to pass: Traceback (most recent call last):
  File "/home/i880/programming/ros2/object_detection_ros2/setup.py", line 6, in <module>
    setup(
  File "/home/i880/anaconda3/lib/python3.11/site-packages/setuptools/__init__.py", line 103, in setup
    return distutils.core.setup(**attrs)
           ^^^^^^^^^^^^^^^^^^^^^^^^^^^^^
  File "/home/i880/anaconda3/lib/python3.11/site-packages/setuptools/_distutils/core.py", line 172, in setup
    ok = dist.parse_command_line()
         ^^^^^^^^^^^^^^^^^^^^^^^^^
  File "/home/i880/anaconda3/lib/python3.11/site-packages/setuptools/_distutils/dist.py", line 472, in parse_command_line
    if self.handle_display_options(option_order):
       ^^^^^^^^^^^^^^^^^^^^^^^^^^^^^^^^^^^^^^^^^
  File "/home/i880/anaconda3/lib/python3.11/site-packages/setuptools/dist.py", line 965, in handle_display_options
    return _Distribution.handle_display_options(self, option_order)
           ^^^^^^^^^^^^^^^^^^^^^^^^^^^^^^^^^^^^^^^^^^^^^^^^^^^^^^^^
  File "/home/i880/anaconda3/lib/python3.11/site-packages/setuptools/_distutils/dist.py", line 686, in handle_display_options
    self.print_commands()
  File "/home/i880/anaconda3/lib/python3.11/site-packages/setuptools/dist.py", line 744, in print_commands
    cmdclass = ep.load()
               ^^^^^^^^^
  File "/home/i880/anaconda3/lib/python3.11/importlib/metadata/__init__.py", line 202, in load
    module = import_module(match.group('module'))
             ^^^^^^^^^^^^^^^^^^^^^^^^^^^^^^^^^^^^
  File "/home/i880/anaconda3/lib/python3.11/importlib/__init__.py", line 126, in import_module
    return _bootstrap._gcd_import(name[level:], package, level)
           ^^^^^^^^^^^^^^^^^^^^^^^^^^^^^^^^^^^^^^^^^^^^^^^^^^^^
  File "<frozen importlib._bootstrap>", line 1204, in _gcd_import
  File "<frozen importlib._bootstrap>", line 1176, in _find_and_load
  File "<frozen importlib._bootstrap>", line 1147, in _find_and_load_unlocked
  File "<frozen importlib._bootstrap>", line 690, in _load_unlocked
  File "<frozen importlib._bootstrap_external>", line 940, in exec_module
  File "<frozen importlib._bootstrap>", line 241, in _call_with_frames_removed
  File "/home/i880/anaconda3/lib/python3.11/site-packages/conda_build/bdist_conda.py", line 11, in <module>
    from . import api
  File "/home/i880/anaconda3/lib/python3.11/site-packages/conda_build/api.py", line 21, in <module>
    from .config import DEFAULT_PREFIX_LENGTH as _prefix_length
  File "/home/i880/anaconda3/lib/python3.11/site-packages/conda_build/config.py", line 18, in <module>
    from .conda_interface import (
  File "/home/i880/anaconda3/lib/python3.11/site-packages/conda_build/conda_interface.py", line 11, in <module>
    from conda.auxlib.packaging import (  # noqa: F401
ModuleNotFoundError: No module named 'conda.auxlib.packaging'
'[0m
[1.872s] [34mcolcon.colcon_core.event_reactor[0m [1;30mDEBUG[0m [32mjoining thread[0m
[1.879s] [34mcolcon.colcon_core.plugin_system[0m [1;30mINFO[0m Skipping extension 'colcon_notification.desktop_notification.notify2': 'notify2' not found
[1.880s] [34mcolcon.colcon_core.plugin_system[0m [1;30mINFO[0m Skipping extension 'colcon_notification.desktop_notification.terminal_notifier': Not used on non-Darwin systems
[1.880s] [34mcolcon.colcon_core.plugin_system[0m [1;30mINFO[0m Skipping extension 'colcon_notification.desktop_notification.win32': Not used on non-Windows systems
[1.880s] [34mcolcon.colcon_notification.desktop_notification[0m [1;30mINFO[0m Sending desktop notification using 'notify_send'
[1.937s] [34mcolcon.colcon_core.event_reactor[0m [1;30mDEBUG[0m [32mjoined thread[0m
[1.938s] [34mcolcon.colcon_core.shell[0m [1;30mINFO[0m Creating prefix script '/home/i880/programming/ros2/object_detection_ros2/install/local_setup.ps1'
[1.941s] [34mcolcon.colcon_core.shell[0m [1;30mINFO[0m Creating prefix util module '/home/i880/programming/ros2/object_detection_ros2/install/_local_setup_util_ps1.py'
[1.947s] [34mcolcon.colcon_core.shell[0m [1;30mINFO[0m Creating prefix chain script '/home/i880/programming/ros2/object_detection_ros2/install/setup.ps1'
[1.951s] [34mcolcon.colcon_core.shell[0m [1;30mINFO[0m Creating prefix script '/home/i880/programming/ros2/object_detection_ros2/install/local_setup.sh'
[1.953s] [34mcolcon.colcon_core.shell[0m [1;30mINFO[0m Creating prefix util module '/home/i880/programming/ros2/object_detection_ros2/install/_local_setup_util_sh.py'
[1.955s] [34mcolcon.colcon_core.shell[0m [1;30mINFO[0m Creating prefix chain script '/home/i880/programming/ros2/object_detection_ros2/install/setup.sh'
[1.959s] [34mcolcon.colcon_core.shell[0m [1;30mINFO[0m Creating prefix script '/home/i880/programming/ros2/object_detection_ros2/install/local_setup.bash'
[1.961s] [34mcolcon.colcon_core.shell[0m [1;30mINFO[0m Creating prefix chain script '/home/i880/programming/ros2/object_detection_ros2/install/setup.bash'
[1.964s] [34mcolcon.colcon_core.shell[0m [1;30mINFO[0m Creating prefix script '/home/i880/programming/ros2/object_detection_ros2/install/local_setup.zsh'
[1.966s] [34mcolcon.colcon_core.shell[0m [1;30mINFO[0m Creating prefix chain script '/home/i880/programming/ros2/object_detection_ros2/install/setup.zsh'
