/home/i880/programming/ros2/object_detection_ros2/install/object_detection_ros2/lib/python3.12/site-packages/object_detection_ros2/object_detection_node.py
/home/i880/programming/ros2/object_detection_ros2/install/object_detection_ros2/lib/python3.12/site-packages/object_detection_ros2/camera_node.py
/home/i880/programming/ros2/object_detection_ros2/install/object_detection_ros2/lib/python3.12/site-packages/object_detection_ros2/__init__.py
/home/i880/programming/ros2/object_detection_ros2/install/object_detection_ros2/lib/python3.12/site-packages/object_detection_ros2/__pycache__/object_detection_node.cpython-312.pyc
/home/i880/programming/ros2/object_detection_ros2/install/object_detection_ros2/lib/python3.12/site-packages/object_detection_ros2/__pycache__/camera_node.cpython-312.pyc
/home/i880/programming/ros2/object_detection_ros2/install/object_detection_ros2/lib/python3.12/site-packages/object_detection_ros2/__pycache__/__init__.cpython-312.pyc
/home/i880/programming/ros2/object_detection_ros2/install/object_detection_ros2/share/ament_index/resource_index/packages/object_detection_ros2
/home/i880/programming/ros2/object_detection_ros2/install/object_detection_ros2/share/object_detection_ros2/package.xml
/home/i880/programming/ros2/object_detection_ros2/install/object_detection_ros2/share/object_detection_ros2/models/yolov3-tiny.cfg
/home/i880/programming/ros2/object_detection_ros2/install/object_detection_ros2/share/object_detection_ros2/models/coco.names
/home/i880/programming/ros2/object_detection_ros2/install/object_detection_ros2/share/object_detection_ros2/models/yolov3-tiny.weights
/home/i880/programming/ros2/object_detection_ros2/install/object_detection_ros2/share/object_detection_ros2/launch/object_detection.launch.py
/home/i880/programming/ros2/object_detection_ros2/install/object_detection_ros2/lib/python3.12/site-packages/object_detection_ros2-0.0.0-py3.12.egg-info/dependency_links.txt
/home/i880/programming/ros2/object_detection_ros2/install/object_detection_ros2/lib/python3.12/site-packages/object_detection_ros2-0.0.0-py3.12.egg-info/requires.txt
/home/i880/programming/ros2/object_detection_ros2/install/object_detection_ros2/lib/python3.12/site-packages/object_detection_ros2-0.0.0-py3.12.egg-info/entry_points.txt
/home/i880/programming/ros2/object_detection_ros2/install/object_detection_ros2/lib/python3.12/site-packages/object_detection_ros2-0.0.0-py3.12.egg-info/PKG-INFO
/home/i880/programming/ros2/object_detection_ros2/install/object_detection_ros2/lib/python3.12/site-packages/object_detection_ros2-0.0.0-py3.12.egg-info/top_level.txt
/home/i880/programming/ros2/object_detection_ros2/install/object_detection_ros2/lib/python3.12/site-packages/object_detection_ros2-0.0.0-py3.12.egg-info/zip-safe
/home/i880/programming/ros2/object_detection_ros2/install/object_detection_ros2/lib/python3.12/site-packages/object_detection_ros2-0.0.0-py3.12.egg-info/SOURCES.txt
/home/i880/programming/ros2/object_detection_ros2/install/object_detection_ros2/lib/object_detection_ros2/camera_node
/home/i880/programming/ros2/object_detection_ros2/install/object_detection_ros2/lib/object_detection_ros2/object_detection_node
