running egg_info
writing build/object_detection_ros2/object_detection_ros2.egg-info/PKG-INFO
writing dependency_links to build/object_detection_ros2/object_detection_ros2.egg-info/dependency_links.txt
writing entry points to build/object_detection_ros2/object_detection_ros2.egg-info/entry_points.txt
writing requirements to build/object_detection_ros2/object_detection_ros2.egg-info/requires.txt
writing top-level names to build/object_detection_ros2/object_detection_ros2.egg-info/top_level.txt
reading manifest file 'build/object_detection_ros2/object_detection_ros2.egg-info/SOURCES.txt'
writing manifest file 'build/object_detection_ros2/object_detection_ros2.egg-info/SOURCES.txt'
running build
running build_py
running install
running install_lib
running install_data
running install_egg_info
removing '/home/i880/programming/ros2/object_detection_ros2/install/object_detection_ros2/lib/python3.12/site-packages/object_detection_ros2-0.0.0-py3.12.egg-info' (and everything under it)
Copying build/object_detection_ros2/object_detection_ros2.egg-info to /home/i880/programming/ros2/object_detection_ros2/install/object_detection_ros2/lib/python3.12/site-packages/object_detection_ros2-0.0.0-py3.12.egg-info
running install_scripts
Installing camera_node script to /home/i880/programming/ros2/object_detection_ros2/install/object_detection_ros2/lib/object_detection_ros2
Installing object_detection_node script to /home/i880/programming/ros2/object_detection_ros2/install/object_detection_ros2/lib/object_detection_ros2
writing list of installed files to '/home/i880/programming/ros2/object_detection_ros2/build/object_detection_ros2/install.log'
