[0.204s] DEBUG:colcon:Command line arguments: ['/usr/bin/colcon', 'build', '--packages-select', 'object_detection_ros2']
[0.204s] DEBUG:colcon:Parsed command line arguments: Namespace(log_base=None, log_level=None, verb_name='build', build_base='build', install_base='install', merge_install=False, symlink_install=False, test_result_base=None, continue_on_error=False, executor='parallel', parallel_workers=4, event_handlers=None, ignore_user_meta=False, metas=['./colcon.meta'], base_paths=['.'], packages_ignore=None, packages_ignore_regex=None, paths=None, packages_up_to=None, packages_up_to_regex=None, packages_above=None, packages_above_and_dependencies=None, packages_above_depth=None, packages_select_by_dep=None, packages_skip_by_dep=None, packages_skip_up_to=None, packages_select_build_failed=False, packages_skip_build_finished=False, packages_select_test_failures=False, packages_skip_test_passed=False, packages_select=['object_detection_ros2'], packages_skip=None, packages_select_regex=None, packages_skip_regex=None, packages_start=None, packages_end=None, allow_overriding=[], cmake_args=None, cmake_target=None, cmake_target_skip_unavailable=False, cmake_clean_cache=False, cmake_clean_first=False, cmake_force_configure=False, ament_cmake_args=None, catkin_cmake_args=None, catkin_skip_building_tests=False, mixin_files=None, mixin=None, verb_parser=<colcon_mixin.mixin.mixin_argument.MixinArgumentDecorator object at 0x7df1b6cc1460>, verb_extension=<colcon_core.verb.build.BuildVerb object at 0x7df1b6cc0da0>, main=<bound method BuildVerb.main of <colcon_core.verb.build.BuildVerb object at 0x7df1b6cc0da0>>, mixin_verb=('build',))
[0.276s] Level 1:colcon.colcon_core.package_discovery:discover_packages(colcon_meta) check parameters
[0.276s] Level 1:colcon.colcon_core.package_discovery:discover_packages(recursive) check parameters
[0.276s] Level 1:colcon.colcon_core.package_discovery:discover_packages(ignore) check parameters
[0.276s] Level 1:colcon.colcon_core.package_discovery:discover_packages(path) check parameters
[0.276s] Level 1:colcon.colcon_core.package_discovery:discover_packages(colcon_meta) discover
[0.276s] Level 1:colcon.colcon_core.package_discovery:discover_packages(recursive) discover
[0.276s] INFO:colcon.colcon_core.package_discovery:Crawling recursively for packages in '/home/i880/programming/ros2/object_detection_ros2'
[0.277s] Level 1:colcon.colcon_core.package_identification:_identify(.) by extensions ['ignore', 'ignore_ament_install']
[0.277s] Level 1:colcon.colcon_core.package_identification:_identify(.) by extension 'ignore'
[0.277s] Level 1:colcon.colcon_core.package_identification:_identify(.) by extension 'ignore_ament_install'
[0.277s] Level 1:colcon.colcon_core.package_identification:_identify(.) by extensions ['colcon_pkg']
[0.277s] Level 1:colcon.colcon_core.package_identification:_identify(.) by extension 'colcon_pkg'
[0.277s] Level 1:colcon.colcon_core.package_identification:_identify(.) by extensions ['colcon_meta']
[0.277s] Level 1:colcon.colcon_core.package_identification:_identify(.) by extension 'colcon_meta'
[0.277s] Level 1:colcon.colcon_core.package_identification:_identify(.) by extensions ['ros']
[0.277s] Level 1:colcon.colcon_core.package_identification:_identify(.) by extension 'ros'
[0.327s] DEBUG:colcon.colcon_core.package_identification:Package '.' with type 'ros.ament_python' and name 'object_detection_ros2'
[0.327s] Level 1:colcon.colcon_core.package_discovery:discover_packages(recursive) using defaults
[0.327s] Level 1:colcon.colcon_core.package_discovery:discover_packages(ignore) discover
[0.327s] Level 1:colcon.colcon_core.package_discovery:discover_packages(ignore) using defaults
[0.327s] Level 1:colcon.colcon_core.package_discovery:discover_packages(path) discover
[0.327s] Level 1:colcon.colcon_core.package_discovery:discover_packages(path) using defaults
[0.361s] Level 1:colcon.colcon_core.package_discovery:discover_packages(prefix_path) check parameters
[0.361s] Level 1:colcon.colcon_core.package_discovery:discover_packages(prefix_path) discover
[0.364s] DEBUG:colcon.colcon_installed_package_information.package_discovery:Found 1 installed packages in /home/i880/programming/ros2/object_detection_ros2/install
[0.368s] DEBUG:colcon.colcon_installed_package_information.package_discovery:Found 373 installed packages in /opt/ros/jazzy
[0.371s] Level 1:colcon.colcon_core.package_discovery:discover_packages(prefix_path) using defaults
[0.475s] Level 5:colcon.colcon_core.verb:set package 'object_detection_ros2' build argument 'cmake_args' from command line to 'None'
[0.475s] Level 5:colcon.colcon_core.verb:set package 'object_detection_ros2' build argument 'cmake_target' from command line to 'None'
[0.475s] Level 5:colcon.colcon_core.verb:set package 'object_detection_ros2' build argument 'cmake_target_skip_unavailable' from command line to 'False'
[0.475s] Level 5:colcon.colcon_core.verb:set package 'object_detection_ros2' build argument 'cmake_clean_cache' from command line to 'False'
[0.475s] Level 5:colcon.colcon_core.verb:set package 'object_detection_ros2' build argument 'cmake_clean_first' from command line to 'False'
[0.475s] Level 5:colcon.colcon_core.verb:set package 'object_detection_ros2' build argument 'cmake_force_configure' from command line to 'False'
[0.475s] Level 5:colcon.colcon_core.verb:set package 'object_detection_ros2' build argument 'ament_cmake_args' from command line to 'None'
[0.475s] Level 5:colcon.colcon_core.verb:set package 'object_detection_ros2' build argument 'catkin_cmake_args' from command line to 'None'
[0.475s] Level 5:colcon.colcon_core.verb:set package 'object_detection_ros2' build argument 'catkin_skip_building_tests' from command line to 'False'
[0.476s] DEBUG:colcon.colcon_core.verb:Building package 'object_detection_ros2' with the following arguments: {'ament_cmake_args': None, 'build_base': '/home/i880/programming/ros2/object_detection_ros2/build/object_detection_ros2', 'catkin_cmake_args': None, 'catkin_skip_building_tests': False, 'cmake_args': None, 'cmake_clean_cache': False, 'cmake_clean_first': False, 'cmake_force_configure': False, 'cmake_target': None, 'cmake_target_skip_unavailable': False, 'install_base': '/home/i880/programming/ros2/object_detection_ros2/install/object_detection_ros2', 'merge_install': False, 'path': '/home/i880/programming/ros2/object_detection_ros2', 'symlink_install': False, 'test_result_base': None}
[0.476s] INFO:colcon.colcon_core.executor:Executing jobs using 'parallel' executor
[0.477s] DEBUG:colcon.colcon_parallel_executor.executor.parallel:run_until_complete
[0.477s] INFO:colcon.colcon_ros.task.ament_python.build:Building ROS package in '/home/i880/programming/ros2/object_detection_ros2' with build type 'ament_python'
[0.478s] Level 1:colcon.colcon_core.shell:create_environment_hook('object_detection_ros2', 'ament_prefix_path')
[0.481s] INFO:colcon.colcon_core.plugin_system:Skipping extension 'colcon_core.shell.bat': Not used on non-Windows systems
[0.482s] INFO:colcon.colcon_core.shell:Creating environment hook '/home/i880/programming/ros2/object_detection_ros2/install/object_detection_ros2/share/object_detection_ros2/hook/ament_prefix_path.ps1'
[0.483s] INFO:colcon.colcon_core.shell:Creating environment descriptor '/home/i880/programming/ros2/object_detection_ros2/install/object_detection_ros2/share/object_detection_ros2/hook/ament_prefix_path.dsv'
[0.485s] INFO:colcon.colcon_core.shell:Creating environment hook '/home/i880/programming/ros2/object_detection_ros2/install/object_detection_ros2/share/object_detection_ros2/hook/ament_prefix_path.sh'
[0.487s] INFO:colcon.colcon_core.shell:Skip shell extension 'powershell' for command environment: Not usable outside of PowerShell
[0.487s] DEBUG:colcon.colcon_core.shell:Skip shell extension 'dsv' for command environment
[0.933s] INFO:colcon.colcon_core.task.python.build:Building Python package in '/home/i880/programming/ros2/object_detection_ros2'
[0.933s] INFO:colcon.colcon_core.shell:Skip shell extension 'powershell' for command environment: Not usable outside of PowerShell
[0.933s] DEBUG:colcon.colcon_core.shell:Skip shell extension 'dsv' for command environment
[2.424s] DEBUG:colcon.colcon_core.event_handler.log_command:Invoking command in '/home/i880/programming/ros2/object_detection_ros2': PYTHONPATH=/home/i880/programming/ros2/object_detection_ros2/build/object_detection_ros2/prefix_override:/usr/lib/python3/dist-packages/colcon_core/task/python/colcon_distutils_commands:/home/i880/programming/ros2/object_detection_ros2/install/object_detection_ros2/lib/python3.12/site-packages:${PYTHONPATH} /usr/bin/python3 -W ignore:setup.py install is deprecated -W ignore:easy_install command is deprecated setup.py egg_info --egg-base build/object_detection_ros2 build --build-base /home/i880/programming/ros2/object_detection_ros2/build/object_detection_ros2/build install --record /home/i880/programming/ros2/object_detection_ros2/build/object_detection_ros2/install.log --single-version-externally-managed install_data
[3.753s] DEBUG:colcon.colcon_core.event_handler.log_command:Invoked command in '/home/i880/programming/ros2/object_detection_ros2' returned '0': PYTHONPATH=/home/i880/programming/ros2/object_detection_ros2/build/object_detection_ros2/prefix_override:/usr/lib/python3/dist-packages/colcon_core/task/python/colcon_distutils_commands:/home/i880/programming/ros2/object_detection_ros2/install/object_detection_ros2/lib/python3.12/site-packages:${PYTHONPATH} /usr/bin/python3 -W ignore:setup.py install is deprecated -W ignore:easy_install command is deprecated setup.py egg_info --egg-base build/object_detection_ros2 build --build-base /home/i880/programming/ros2/object_detection_ros2/build/object_detection_ros2/build install --record /home/i880/programming/ros2/object_detection_ros2/build/object_detection_ros2/install.log --single-version-externally-managed install_data
[3.758s] Level 1:colcon.colcon_core.environment:checking '/home/i880/programming/ros2/object_detection_ros2/install/object_detection_ros2' for CMake module files
[3.759s] Level 1:colcon.colcon_core.environment:checking '/home/i880/programming/ros2/object_detection_ros2/install/object_detection_ros2' for CMake config files
[3.761s] Level 1:colcon.colcon_core.environment:checking '/home/i880/programming/ros2/object_detection_ros2/install/object_detection_ros2/lib'
[3.761s] Level 1:colcon.colcon_core.environment:checking '/home/i880/programming/ros2/object_detection_ros2/install/object_detection_ros2/bin'
[3.762s] Level 1:colcon.colcon_core.environment:checking '/home/i880/programming/ros2/object_detection_ros2/install/object_detection_ros2/lib/pkgconfig/object_detection_ros2.pc'
[3.762s] Level 1:colcon.colcon_core.environment:checking '/home/i880/programming/ros2/object_detection_ros2/install/object_detection_ros2/lib/python3.12/site-packages'
[3.762s] Level 1:colcon.colcon_core.shell:create_environment_hook('object_detection_ros2', 'pythonpath')
[3.763s] INFO:colcon.colcon_core.shell:Creating environment hook '/home/i880/programming/ros2/object_detection_ros2/install/object_detection_ros2/share/object_detection_ros2/hook/pythonpath.ps1'
[3.764s] INFO:colcon.colcon_core.shell:Creating environment descriptor '/home/i880/programming/ros2/object_detection_ros2/install/object_detection_ros2/share/object_detection_ros2/hook/pythonpath.dsv'
[3.764s] INFO:colcon.colcon_core.shell:Creating environment hook '/home/i880/programming/ros2/object_detection_ros2/install/object_detection_ros2/share/object_detection_ros2/hook/pythonpath.sh'
[3.766s] Level 1:colcon.colcon_core.environment:checking '/home/i880/programming/ros2/object_detection_ros2/install/object_detection_ros2/bin'
[3.766s] Level 1:colcon.colcon_core.environment:create_environment_scripts_only(object_detection_ros2)
[3.766s] INFO:colcon.colcon_core.shell:Creating package script '/home/i880/programming/ros2/object_detection_ros2/install/object_detection_ros2/share/object_detection_ros2/package.ps1'
[3.768s] INFO:colcon.colcon_core.shell:Creating package descriptor '/home/i880/programming/ros2/object_detection_ros2/install/object_detection_ros2/share/object_detection_ros2/package.dsv'
[3.769s] INFO:colcon.colcon_core.shell:Creating package script '/home/i880/programming/ros2/object_detection_ros2/install/object_detection_ros2/share/object_detection_ros2/package.sh'
[3.770s] INFO:colcon.colcon_core.shell:Creating package script '/home/i880/programming/ros2/object_detection_ros2/install/object_detection_ros2/share/object_detection_ros2/package.bash'
[3.772s] INFO:colcon.colcon_core.shell:Creating package script '/home/i880/programming/ros2/object_detection_ros2/install/object_detection_ros2/share/object_detection_ros2/package.zsh'
[3.773s] Level 1:colcon.colcon_core.environment:create_file_with_runtime_dependencies(/home/i880/programming/ros2/object_detection_ros2/install/object_detection_ros2/share/colcon-core/packages/object_detection_ros2)
[3.774s] DEBUG:colcon.colcon_parallel_executor.executor.parallel:closing loop
[3.774s] DEBUG:colcon.colcon_parallel_executor.executor.parallel:loop closed
[3.774s] DEBUG:colcon.colcon_parallel_executor.executor.parallel:run_until_complete finished with '0'
[3.774s] DEBUG:colcon.colcon_core.event_reactor:joining thread
[3.789s] INFO:colcon.colcon_core.plugin_system:Skipping extension 'colcon_notification.desktop_notification.terminal_notifier': Not used on non-Darwin systems
[3.790s] INFO:colcon.colcon_core.plugin_system:Skipping extension 'colcon_notification.desktop_notification.win32': Not used on non-Windows systems
[3.790s] INFO:colcon.colcon_notification.desktop_notification:Sending desktop notification using 'notify2'
[3.820s] DEBUG:colcon.colcon_core.event_reactor:joined thread
[3.821s] INFO:colcon.colcon_core.shell:Creating prefix script '/home/i880/programming/ros2/object_detection_ros2/install/local_setup.ps1'
[3.824s] INFO:colcon.colcon_core.shell:Creating prefix util module '/home/i880/programming/ros2/object_detection_ros2/install/_local_setup_util_ps1.py'
[3.829s] INFO:colcon.colcon_core.shell:Creating prefix chain script '/home/i880/programming/ros2/object_detection_ros2/install/setup.ps1'
[3.833s] INFO:colcon.colcon_core.shell:Creating prefix script '/home/i880/programming/ros2/object_detection_ros2/install/local_setup.sh'
[3.835s] INFO:colcon.colcon_core.shell:Creating prefix util module '/home/i880/programming/ros2/object_detection_ros2/install/_local_setup_util_sh.py'
[3.836s] INFO:colcon.colcon_core.shell:Creating prefix chain script '/home/i880/programming/ros2/object_detection_ros2/install/setup.sh'
[3.838s] INFO:colcon.colcon_core.shell:Creating prefix script '/home/i880/programming/ros2/object_detection_ros2/install/local_setup.bash'
[3.839s] INFO:colcon.colcon_core.shell:Creating prefix chain script '/home/i880/programming/ros2/object_detection_ros2/install/setup.bash'
[3.841s] INFO:colcon.colcon_core.shell:Creating prefix script '/home/i880/programming/ros2/object_detection_ros2/install/local_setup.zsh'
[3.842s] INFO:colcon.colcon_core.shell:Creating prefix chain script '/home/i880/programming/ros2/object_detection_ros2/install/setup.zsh'
