[1.681s] DEBUG:colcon:Command line arguments: ['/usr/bin/colcon', 'build', '--packages-select', 'object_detection_ros2']
[1.682s] DEBUG:colcon:Parsed command line arguments: Namespace(log_base=None, log_level=None, verb_name='build', build_base='build', install_base='install', merge_install=False, symlink_install=False, test_result_base=None, continue_on_error=False, executor='parallel', parallel_workers=4, event_handlers=None, ignore_user_meta=False, metas=['./colcon.meta'], base_paths=['.'], packages_ignore=None, packages_ignore_regex=None, paths=None, packages_up_to=None, packages_up_to_regex=None, packages_above=None, packages_above_and_dependencies=None, packages_above_depth=None, packages_select_by_dep=None, packages_skip_by_dep=None, packages_skip_up_to=None, packages_select_build_failed=False, packages_skip_build_finished=False, packages_select_test_failures=False, packages_skip_test_passed=False, packages_select=['object_detection_ros2'], packages_skip=None, packages_select_regex=None, packages_skip_regex=None, packages_start=None, packages_end=None, allow_overriding=[], cmake_args=None, cmake_target=None, cmake_target_skip_unavailable=False, cmake_clean_cache=False, cmake_clean_first=False, cmake_force_configure=False, ament_cmake_args=None, catkin_cmake_args=None, catkin_skip_building_tests=False, mixin_files=None, mixin=None, verb_parser=<colcon_mixin.mixin.mixin_argument.MixinArgumentDecorator object at 0x75a1830bd580>, verb_extension=<colcon_core.verb.build.BuildVerb object at 0x75a1830bce90>, main=<bound method BuildVerb.main of <colcon_core.verb.build.BuildVerb object at 0x75a1830bce90>>, mixin_verb=('build',))
[1.928s] Level 1:colcon.colcon_core.package_discovery:discover_packages(colcon_meta) check parameters
[1.929s] Level 1:colcon.colcon_core.package_discovery:discover_packages(recursive) check parameters
[1.929s] Level 1:colcon.colcon_core.package_discovery:discover_packages(ignore) check parameters
[1.929s] Level 1:colcon.colcon_core.package_discovery:discover_packages(path) check parameters
[1.929s] Level 1:colcon.colcon_core.package_discovery:discover_packages(colcon_meta) discover
[1.929s] Level 1:colcon.colcon_core.package_discovery:discover_packages(recursive) discover
[1.929s] INFO:colcon.colcon_core.package_discovery:Crawling recursively for packages in '/home/i880/programming/ros2/object_detection_ros2'
[1.930s] Level 1:colcon.colcon_core.package_identification:_identify(.) by extensions ['ignore', 'ignore_ament_install']
[1.930s] Level 1:colcon.colcon_core.package_identification:_identify(.) by extension 'ignore'
[1.930s] Level 1:colcon.colcon_core.package_identification:_identify(.) by extension 'ignore_ament_install'
[1.930s] Level 1:colcon.colcon_core.package_identification:_identify(.) by extensions ['colcon_pkg']
[1.931s] Level 1:colcon.colcon_core.package_identification:_identify(.) by extension 'colcon_pkg'
[1.931s] Level 1:colcon.colcon_core.package_identification:_identify(.) by extensions ['colcon_meta']
[1.931s] Level 1:colcon.colcon_core.package_identification:_identify(.) by extension 'colcon_meta'
[1.931s] Level 1:colcon.colcon_core.package_identification:_identify(.) by extensions ['ros']
[1.931s] Level 1:colcon.colcon_core.package_identification:_identify(.) by extension 'ros'
[2.034s] DEBUG:colcon.colcon_core.package_identification:Package '.' with type 'ros.ament_python' and name 'object_detection_ros2'
[2.034s] Level 1:colcon.colcon_core.package_discovery:discover_packages(recursive) using defaults
[2.034s] Level 1:colcon.colcon_core.package_discovery:discover_packages(ignore) discover
[2.034s] Level 1:colcon.colcon_core.package_discovery:discover_packages(ignore) using defaults
[2.034s] Level 1:colcon.colcon_core.package_discovery:discover_packages(path) discover
[2.034s] Level 1:colcon.colcon_core.package_discovery:discover_packages(path) using defaults
[2.082s] Level 1:colcon.colcon_core.package_discovery:discover_packages(prefix_path) check parameters
[2.082s] Level 1:colcon.colcon_core.package_discovery:discover_packages(prefix_path) discover
[2.094s] DEBUG:colcon.colcon_installed_package_information.package_discovery:Found 1 installed packages in /home/i880/programming/ros2/object_detection_ros2/install
[2.104s] DEBUG:colcon.colcon_installed_package_information.package_discovery:Found 373 installed packages in /opt/ros/jazzy
[2.110s] Level 1:colcon.colcon_core.package_discovery:discover_packages(prefix_path) using defaults
[2.549s] Level 5:colcon.colcon_core.verb:set package 'object_detection_ros2' build argument 'cmake_args' from command line to 'None'
[2.549s] Level 5:colcon.colcon_core.verb:set package 'object_detection_ros2' build argument 'cmake_target' from command line to 'None'
[2.549s] Level 5:colcon.colcon_core.verb:set package 'object_detection_ros2' build argument 'cmake_target_skip_unavailable' from command line to 'False'
[2.549s] Level 5:colcon.colcon_core.verb:set package 'object_detection_ros2' build argument 'cmake_clean_cache' from command line to 'False'
[2.549s] Level 5:colcon.colcon_core.verb:set package 'object_detection_ros2' build argument 'cmake_clean_first' from command line to 'False'
[2.549s] Level 5:colcon.colcon_core.verb:set package 'object_detection_ros2' build argument 'cmake_force_configure' from command line to 'False'
[2.549s] Level 5:colcon.colcon_core.verb:set package 'object_detection_ros2' build argument 'ament_cmake_args' from command line to 'None'
[2.549s] Level 5:colcon.colcon_core.verb:set package 'object_detection_ros2' build argument 'catkin_cmake_args' from command line to 'None'
[2.549s] Level 5:colcon.colcon_core.verb:set package 'object_detection_ros2' build argument 'catkin_skip_building_tests' from command line to 'False'
[2.549s] DEBUG:colcon.colcon_core.verb:Building package 'object_detection_ros2' with the following arguments: {'ament_cmake_args': None, 'build_base': '/home/i880/programming/ros2/object_detection_ros2/build/object_detection_ros2', 'catkin_cmake_args': None, 'catkin_skip_building_tests': False, 'cmake_args': None, 'cmake_clean_cache': False, 'cmake_clean_first': False, 'cmake_force_configure': False, 'cmake_target': None, 'cmake_target_skip_unavailable': False, 'install_base': '/home/i880/programming/ros2/object_detection_ros2/install/object_detection_ros2', 'merge_install': False, 'path': '/home/i880/programming/ros2/object_detection_ros2', 'symlink_install': False, 'test_result_base': None}
[2.550s] INFO:colcon.colcon_core.executor:Executing jobs using 'parallel' executor
[2.552s] DEBUG:colcon.colcon_parallel_executor.executor.parallel:run_until_complete
[2.554s] INFO:colcon.colcon_ros.task.ament_python.build:Building ROS package in '/home/i880/programming/ros2/object_detection_ros2' with build type 'ament_python'
[2.555s] Level 1:colcon.colcon_core.shell:create_environment_hook('object_detection_ros2', 'ament_prefix_path')
[2.563s] INFO:colcon.colcon_core.plugin_system:Skipping extension 'colcon_core.shell.bat': Not used on non-Windows systems
[2.563s] INFO:colcon.colcon_core.shell:Creating environment hook '/home/i880/programming/ros2/object_detection_ros2/install/object_detection_ros2/share/object_detection_ros2/hook/ament_prefix_path.ps1'
[2.565s] INFO:colcon.colcon_core.shell:Creating environment descriptor '/home/i880/programming/ros2/object_detection_ros2/install/object_detection_ros2/share/object_detection_ros2/hook/ament_prefix_path.dsv'
[2.566s] INFO:colcon.colcon_core.shell:Creating environment hook '/home/i880/programming/ros2/object_detection_ros2/install/object_detection_ros2/share/object_detection_ros2/hook/ament_prefix_path.sh'
[2.569s] INFO:colcon.colcon_core.shell:Skip shell extension 'powershell' for command environment: Not usable outside of PowerShell
[2.569s] DEBUG:colcon.colcon_core.shell:Skip shell extension 'dsv' for command environment
[3.831s] INFO:colcon.colcon_core.task.python.build:Building Python package in '/home/i880/programming/ros2/object_detection_ros2'
[3.832s] INFO:colcon.colcon_core.shell:Skip shell extension 'powershell' for command environment: Not usable outside of PowerShell
[3.832s] DEBUG:colcon.colcon_core.shell:Skip shell extension 'dsv' for command environment
[7.167s] DEBUG:colcon.colcon_core.event_handler.log_command:Invoking command in '/home/i880/programming/ros2/object_detection_ros2': PYTHONPATH=/home/i880/programming/ros2/object_detection_ros2/build/object_detection_ros2/prefix_override:/usr/lib/python3/dist-packages/colcon_core/task/python/colcon_distutils_commands:/home/i880/programming/ros2/object_detection_ros2/install/object_detection_ros2/lib/python3.12/site-packages:${PYTHONPATH} /usr/bin/python3 -W ignore:setup.py install is deprecated -W ignore:easy_install command is deprecated setup.py egg_info --egg-base build/object_detection_ros2 build --build-base /home/i880/programming/ros2/object_detection_ros2/build/object_detection_ros2/build install --record /home/i880/programming/ros2/object_detection_ros2/build/object_detection_ros2/install.log --single-version-externally-managed install_data
[9.175s] DEBUG:colcon.colcon_core.event_handler.log_command:Invoked command in '/home/i880/programming/ros2/object_detection_ros2' returned '0': PYTHONPATH=/home/i880/programming/ros2/object_detection_ros2/build/object_detection_ros2/prefix_override:/usr/lib/python3/dist-packages/colcon_core/task/python/colcon_distutils_commands:/home/i880/programming/ros2/object_detection_ros2/install/object_detection_ros2/lib/python3.12/site-packages:${PYTHONPATH} /usr/bin/python3 -W ignore:setup.py install is deprecated -W ignore:easy_install command is deprecated setup.py egg_info --egg-base build/object_detection_ros2 build --build-base /home/i880/programming/ros2/object_detection_ros2/build/object_detection_ros2/build install --record /home/i880/programming/ros2/object_detection_ros2/build/object_detection_ros2/install.log --single-version-externally-managed install_data
[9.185s] Level 1:colcon.colcon_core.environment:checking '/home/i880/programming/ros2/object_detection_ros2/install/object_detection_ros2' for CMake module files
[9.188s] Level 1:colcon.colcon_core.environment:checking '/home/i880/programming/ros2/object_detection_ros2/install/object_detection_ros2' for CMake config files
[9.191s] Level 1:colcon.colcon_core.environment:checking '/home/i880/programming/ros2/object_detection_ros2/install/object_detection_ros2/lib'
[9.192s] Level 1:colcon.colcon_core.environment:checking '/home/i880/programming/ros2/object_detection_ros2/install/object_detection_ros2/bin'
[9.192s] Level 1:colcon.colcon_core.environment:checking '/home/i880/programming/ros2/object_detection_ros2/install/object_detection_ros2/lib/pkgconfig/object_detection_ros2.pc'
[9.193s] Level 1:colcon.colcon_core.environment:checking '/home/i880/programming/ros2/object_detection_ros2/install/object_detection_ros2/lib/python3.12/site-packages'
[9.194s] Level 1:colcon.colcon_core.shell:create_environment_hook('object_detection_ros2', 'pythonpath')
[9.194s] INFO:colcon.colcon_core.shell:Creating environment hook '/home/i880/programming/ros2/object_detection_ros2/install/object_detection_ros2/share/object_detection_ros2/hook/pythonpath.ps1'
[9.195s] INFO:colcon.colcon_core.shell:Creating environment descriptor '/home/i880/programming/ros2/object_detection_ros2/install/object_detection_ros2/share/object_detection_ros2/hook/pythonpath.dsv'
[9.197s] INFO:colcon.colcon_core.shell:Creating environment hook '/home/i880/programming/ros2/object_detection_ros2/install/object_detection_ros2/share/object_detection_ros2/hook/pythonpath.sh'
[9.198s] Level 1:colcon.colcon_core.environment:checking '/home/i880/programming/ros2/object_detection_ros2/install/object_detection_ros2/bin'
[9.199s] Level 1:colcon.colcon_core.environment:create_environment_scripts_only(object_detection_ros2)
[9.199s] INFO:colcon.colcon_core.shell:Creating package script '/home/i880/programming/ros2/object_detection_ros2/install/object_detection_ros2/share/object_detection_ros2/package.ps1'
[9.201s] INFO:colcon.colcon_core.shell:Creating package descriptor '/home/i880/programming/ros2/object_detection_ros2/install/object_detection_ros2/share/object_detection_ros2/package.dsv'
[9.202s] INFO:colcon.colcon_core.shell:Creating package script '/home/i880/programming/ros2/object_detection_ros2/install/object_detection_ros2/share/object_detection_ros2/package.sh'
[9.204s] INFO:colcon.colcon_core.shell:Creating package script '/home/i880/programming/ros2/object_detection_ros2/install/object_detection_ros2/share/object_detection_ros2/package.bash'
[9.207s] INFO:colcon.colcon_core.shell:Creating package script '/home/i880/programming/ros2/object_detection_ros2/install/object_detection_ros2/share/object_detection_ros2/package.zsh'
[9.209s] Level 1:colcon.colcon_core.environment:create_file_with_runtime_dependencies(/home/i880/programming/ros2/object_detection_ros2/install/object_detection_ros2/share/colcon-core/packages/object_detection_ros2)
[9.210s] DEBUG:colcon.colcon_parallel_executor.executor.parallel:closing loop
[9.211s] DEBUG:colcon.colcon_parallel_executor.executor.parallel:loop closed
[9.212s] DEBUG:colcon.colcon_parallel_executor.executor.parallel:run_until_complete finished with '0'
[9.212s] DEBUG:colcon.colcon_core.event_reactor:joining thread
[9.238s] INFO:colcon.colcon_core.plugin_system:Skipping extension 'colcon_notification.desktop_notification.terminal_notifier': Not used on non-Darwin systems
[9.238s] INFO:colcon.colcon_core.plugin_system:Skipping extension 'colcon_notification.desktop_notification.win32': Not used on non-Windows systems
[9.238s] INFO:colcon.colcon_notification.desktop_notification:Sending desktop notification using 'notify2'
[9.270s] DEBUG:colcon.colcon_core.event_reactor:joined thread
[9.271s] INFO:colcon.colcon_core.shell:Creating prefix script '/home/i880/programming/ros2/object_detection_ros2/install/local_setup.ps1'
[9.274s] INFO:colcon.colcon_core.shell:Creating prefix util module '/home/i880/programming/ros2/object_detection_ros2/install/_local_setup_util_ps1.py'
[9.279s] INFO:colcon.colcon_core.shell:Creating prefix chain script '/home/i880/programming/ros2/object_detection_ros2/install/setup.ps1'
[9.283s] INFO:colcon.colcon_core.shell:Creating prefix script '/home/i880/programming/ros2/object_detection_ros2/install/local_setup.sh'
[9.284s] INFO:colcon.colcon_core.shell:Creating prefix util module '/home/i880/programming/ros2/object_detection_ros2/install/_local_setup_util_sh.py'
[9.286s] INFO:colcon.colcon_core.shell:Creating prefix chain script '/home/i880/programming/ros2/object_detection_ros2/install/setup.sh'
[9.288s] INFO:colcon.colcon_core.shell:Creating prefix script '/home/i880/programming/ros2/object_detection_ros2/install/local_setup.bash'
[9.290s] INFO:colcon.colcon_core.shell:Creating prefix chain script '/home/i880/programming/ros2/object_detection_ros2/install/setup.bash'
[9.293s] INFO:colcon.colcon_core.shell:Creating prefix script '/home/i880/programming/ros2/object_detection_ros2/install/local_setup.zsh'
[9.296s] INFO:colcon.colcon_core.shell:Creating prefix chain script '/home/i880/programming/ros2/object_detection_ros2/install/setup.zsh'
