[2.652s] Invoking command in '/home/i880/programming/ros2/object_detection_ros2': PYTHONPATH=/home/i880/programming/ros2/object_detection_ros2/build/object_detection_ros2/prefix_override:/usr/lib/python3/dist-packages/colcon_core/task/python/colcon_distutils_commands:/home/i880/programming/ros2/object_detection_ros2/install/object_detection_ros2/lib/python3.12/site-packages:${PYTHONPATH} /usr/bin/python3 -W ignore:setup.py install is deprecated -W ignore:easy_install command is deprecated setup.py egg_info --egg-base build/object_detection_ros2 build --build-base /home/i880/programming/ros2/object_detection_ros2/build/object_detection_ros2/build install --record /home/i880/programming/ros2/object_detection_ros2/build/object_detection_ros2/install.log --single-version-externally-managed install_data
[3.491s] running egg_info
[3.594s] writing build/object_detection_ros2/object_detection_ros2.egg-info/PKG-INFO
[3.595s] writing dependency_links to build/object_detection_ros2/object_detection_ros2.egg-info/dependency_links.txt
[3.596s] writing entry points to build/object_detection_ros2/object_detection_ros2.egg-info/entry_points.txt
[3.596s] writing requirements to build/object_detection_ros2/object_detection_ros2.egg-info/requires.txt
[3.597s] writing top-level names to build/object_detection_ros2/object_detection_ros2.egg-info/top_level.txt
[3.789s] reading manifest file 'build/object_detection_ros2/object_detection_ros2.egg-info/SOURCES.txt'
[3.798s] writing manifest file 'build/object_detection_ros2/object_detection_ros2.egg-info/SOURCES.txt'
[3.798s] running build
[3.799s] running build_py
[3.799s] copying object_detection_ros2/object_detection_node.py -> /home/i880/programming/ros2/object_detection_ros2/build/object_detection_ros2/build/lib/object_detection_ros2
[3.800s] running install
[3.819s] running install_lib
[3.896s] copying /home/i880/programming/ros2/object_detection_ros2/build/object_detection_ros2/build/lib/object_detection_ros2/object_detection_node.py -> /home/i880/programming/ros2/object_detection_ros2/install/object_detection_ros2/lib/python3.12/site-packages/object_detection_ros2
[3.898s] byte-compiling /home/i880/programming/ros2/object_detection_ros2/install/object_detection_ros2/lib/python3.12/site-packages/object_detection_ros2/object_detection_node.py to object_detection_node.cpython-312.pyc
[3.902s] running install_data
[3.903s] running install_egg_info
[3.972s] removing '/home/i880/programming/ros2/object_detection_ros2/install/object_detection_ros2/lib/python3.12/site-packages/object_detection_ros2-0.0.0-py3.12.egg-info' (and everything under it)
[3.973s] Copying build/object_detection_ros2/object_detection_ros2.egg-info to /home/i880/programming/ros2/object_detection_ros2/install/object_detection_ros2/lib/python3.12/site-packages/object_detection_ros2-0.0.0-py3.12.egg-info
[3.975s] running install_scripts
[4.345s] Installing camera_node script to /home/i880/programming/ros2/object_detection_ros2/install/object_detection_ros2/lib/object_detection_ros2
[4.345s] Installing object_detection_node script to /home/i880/programming/ros2/object_detection_ros2/install/object_detection_ros2/lib/object_detection_ros2
[4.346s] writing list of installed files to '/home/i880/programming/ros2/object_detection_ros2/build/object_detection_ros2/install.log'
[4.412s] Invoked command in '/home/i880/programming/ros2/object_detection_ros2' returned '0': PYTHONPATH=/home/i880/programming/ros2/object_detection_ros2/build/object_detection_ros2/prefix_override:/usr/lib/python3/dist-packages/colcon_core/task/python/colcon_distutils_commands:/home/i880/programming/ros2/object_detection_ros2/install/object_detection_ros2/lib/python3.12/site-packages:${PYTHONPATH} /usr/bin/python3 -W ignore:setup.py install is deprecated -W ignore:easy_install command is deprecated setup.py egg_info --egg-base build/object_detection_ros2 build --build-base /home/i880/programming/ros2/object_detection_ros2/build/object_detection_ros2/build install --record /home/i880/programming/ros2/object_detection_ros2/build/object_detection_ros2/install.log --single-version-externally-managed install_data
